Arguments: 
  D:\software\nodejs\node.exe C:\Users\13261\AppData\Roaming\npm\node_modules\yarn\bin\yarn.js add gobal webpack-cil

PATH: 
  D:\Program Files\JetBrains\WebStorm 2019.2\jbr\\bin;D:\Program Files\JetBrains\WebStorm 2019.2\jbr\\bin\server;C:\Program Files (x86)\Common Files\Oracle\Java\javapath;C:\WINDOWS\system32;C:\WINDOWS;C:\WINDOWS\System32\Wbem;C:\WINDOWS\System32\WindowsPowerShell\v1.0\;C:\WINDOWS\System32\OpenSSH\;D:\software\Java\jdk1.8.0_172\bin;D:\software\nodejs\;C:\Program Files (x86)\Microsoft SQL Server\100\Tools\Binn\;C:\Program Files\Microsoft SQL Server\100\Tools\Binn\;C:\Program Files\Microsoft SQL Server\100\DTS\Binn\;C:\Program Files\dotnet\;C:\Program Files\Microsoft SQL Server\130\Tools\Binn\;D:\Program Files\Git\cmd;D:\software\Go\bin;D:\BaiduNetdiskDownload\MODIS Reprojection Tool\MRT_download_Win\bin;D:\software\python37\Scripts\;D:\software\python37\;C:\Users\13261\AppData\Local\Microsoft\WindowsApps;C:\Users\13261\AppData\Roaming\npm;C:\Users\13261\AppData\Local\BypassRuntm;C:\Users\13261\go\bin;C:\Users\13261\AppData\Local\Microsoft\WindowsApps;;D:\Program Files\Microsoft VS Code\bin

Yarn version: 
  1.19.1

Node version: 
  10.15.3

Platform: 
  win32 x64

Trace: 
  Error: https://registry.yarnpkg.com/gobal: Not found
      at Request.params.callback [as _callback] (C:\Users\13261\AppData\Roaming\npm\node_modules\yarn\lib\cli.js:66926:18)
      at Request.self.callback (C:\Users\13261\AppData\Roaming\npm\node_modules\yarn\lib\cli.js:140564:22)
      at Request.emit (events.js:189:13)
      at Request.<anonymous> (C:\Users\13261\AppData\Roaming\npm\node_modules\yarn\lib\cli.js:141536:10)
      at Request.emit (events.js:189:13)
      at IncomingMessage.<anonymous> (C:\Users\13261\AppData\Roaming\npm\node_modules\yarn\lib\cli.js:141458:12)
      at Object.onceWrapper (events.js:277:13)
      at IncomingMessage.emit (events.js:194:15)
      at endReadableNT (_stream_readable.js:1125:12)
      at process._tickCallback (internal/process/next_tick.js:63:19)

npm manifest: 
  No manifest

yarn manifest: 
  No manifest

Lockfile: 
  No lockfile
